TN:
SF:src/AsyncState.ts
FN:10,(anonymous_0)
FN:24,(anonymous_1)
FN:28,(anonymous_2)
FN:37,(anonymous_3)
FN:44,(anonymous_4)
FN:48,(anonymous_5)
FN:57,(anonymous_6)
FN:62,(anonymous_7)
FN:67,(anonymous_8)
FN:78,(anonymous_9)
FN:85,(anonymous_10)
FN:94,(anonymous_11)
FN:99,(anonymous_12)
FN:103,(anonymous_13)
FNF:14
FNH:14
FNDA:9,(anonymous_0)
FNDA:2,(anonymous_1)
FNDA:1,(anonymous_2)
FNDA:2,(anonymous_3)
FNDA:1,(anonymous_4)
FNDA:10,(anonymous_5)
FNDA:6,(anonymous_6)
FNDA:1,(anonymous_7)
FNDA:2,(anonymous_8)
FNDA:4,(anonymous_9)
FNDA:1,(anonymous_10)
FNDA:4,(anonymous_11)
FNDA:1,(anonymous_12)
FNDA:1,(anonymous_13)
DA:7,9
DA:11,9
DA:13,9
DA:14,2
DA:17,9
DA:19,9
DA:20,1
DA:25,2
DA:29,1
DA:30,1
DA:32,1
DA:34,1
DA:38,2
DA:39,1
DA:41,2
DA:45,1
DA:49,10
DA:50,10
DA:51,9
DA:53,1
DA:58,6
DA:59,6
DA:63,1
DA:64,1
DA:68,2
DA:69,2
DA:71,2
DA:72,1
DA:75,1
DA:79,4
DA:80,4
DA:81,4
DA:82,4
DA:86,1
DA:87,1
DA:88,1
DA:89,1
DA:91,1
DA:95,4
DA:96,4
DA:100,1
DA:104,1
DA:105,1
LF:43
LH:43
BRDA:13,0,0,2
BRDA:13,0,1,7
BRDA:19,1,0,1
BRDA:19,1,1,8
BRDA:30,2,0,1
BRDA:30,2,1,1
BRDA:38,3,0,1
BRDA:38,3,1,1
BRDA:38,4,0,2
BRDA:38,4,1,1
BRDA:51,5,0,6
BRDA:51,5,1,3
BRDA:71,6,0,1
BRDA:71,6,1,1
BRDA:86,7,0,1
BRDA:86,7,1,0
BRF:16
BRH:15
end_of_record
TN:
SF:src/State.ts
FN:11,(anonymous_0)
FN:50,(anonymous_1)
FN:54,(anonymous_2)
FN:58,(anonymous_3)
FN:66,(anonymous_4)
FN:73,(anonymous_5)
FN:77,(anonymous_6)
FN:86,(anonymous_7)
FN:91,(anonymous_8)
FN:95,(anonymous_9)
FN:105,(anonymous_10)
FN:112,(anonymous_11)
FN:121,(anonymous_12)
FN:126,(anonymous_13)
FN:130,(anonymous_14)
FNF:15
FNH:15
FNDA:13,(anonymous_0)
FNDA:2,(anonymous_1)
FNDA:2,(anonymous_2)
FNDA:2,(anonymous_3)
FNDA:2,(anonymous_4)
FNDA:1,(anonymous_5)
FNDA:24,(anonymous_6)
FNDA:20,(anonymous_7)
FNDA:1,(anonymous_8)
FNDA:2,(anonymous_9)
FNDA:6,(anonymous_10)
FNDA:1,(anonymous_11)
FNDA:6,(anonymous_12)
FNDA:1,(anonymous_13)
FNDA:1,(anonymous_14)
DA:7,13
DA:8,13
DA:12,13
DA:13,13
DA:14,0
DA:15,13
DA:16,0
DA:17,13
DA:18,12
DA:19,12
DA:20,10
DA:22,2
DA:23,1
DA:25,2
DA:26,2
DA:31,13
DA:32,1
DA:35,12
DA:36,11
DA:38,1
DA:41,12
DA:42,3
DA:45,12
DA:46,12
DA:47,12
DA:51,2
DA:55,2
DA:59,2
DA:61,2
DA:63,2
DA:67,2
DA:68,1
DA:70,2
DA:74,1
DA:78,24
DA:79,24
DA:80,22
DA:82,2
DA:87,20
DA:88,20
DA:92,1
DA:96,2
DA:98,2
DA:99,1
DA:102,1
DA:106,6
DA:107,6
DA:108,6
DA:109,6
DA:113,1
DA:114,1
DA:115,1
DA:116,1
DA:118,1
DA:122,6
DA:123,6
DA:127,1
DA:131,1
DA:132,1
LF:59
LH:57
BRDA:13,0,0,0
BRDA:13,0,1,13
BRDA:13,1,0,13
BRDA:13,1,1,0
BRDA:15,2,0,0
BRDA:15,2,1,13
BRDA:15,3,0,13
BRDA:15,3,1,12
BRDA:17,4,0,12
BRDA:17,4,1,1
BRDA:17,5,0,13
BRDA:17,5,1,12
BRDA:19,6,0,10
BRDA:19,6,1,2
BRDA:22,7,0,1
BRDA:22,7,1,1
BRDA:25,8,0,2
BRDA:25,8,1,0
BRDA:31,9,0,1
BRDA:31,9,1,12
BRDA:35,10,0,11
BRDA:35,10,1,1
BRDA:41,11,0,3
BRDA:41,11,1,9
BRDA:59,12,0,2
BRDA:59,12,1,0
BRDA:67,13,0,1
BRDA:67,13,1,1
BRDA:80,14,0,12
BRDA:80,14,1,10
BRDA:98,15,0,1
BRDA:98,15,1,1
BRDA:113,16,0,1
BRDA:113,16,1,0
BRF:34
BRH:28
end_of_record
