TN:
SF:src/AsyncState.ts
FN:10,(anonymous_0)
FN:24,(anonymous_1)
FN:28,(anonymous_2)
FN:37,(anonymous_3)
FN:44,(anonymous_4)
FN:48,(anonymous_5)
FN:57,(anonymous_6)
FN:62,(anonymous_7)
FN:67,(anonymous_8)
FN:78,(anonymous_9)
FN:85,(anonymous_10)
FN:94,(anonymous_11)
FN:99,(anonymous_12)
FN:103,(anonymous_13)
FNF:14
FNH:14
FNDA:9,(anonymous_0)
FNDA:2,(anonymous_1)
FNDA:1,(anonymous_2)
FNDA:2,(anonymous_3)
FNDA:1,(anonymous_4)
FNDA:10,(anonymous_5)
FNDA:6,(anonymous_6)
FNDA:1,(anonymous_7)
FNDA:2,(anonymous_8)
FNDA:4,(anonymous_9)
FNDA:1,(anonymous_10)
FNDA:4,(anonymous_11)
FNDA:1,(anonymous_12)
FNDA:1,(anonymous_13)
DA:7,9
DA:11,9
DA:13,9
DA:14,2
DA:17,9
DA:19,9
DA:20,1
DA:25,2
DA:29,1
DA:30,1
DA:32,1
DA:34,1
DA:38,2
DA:39,1
DA:41,2
DA:45,1
DA:49,10
DA:50,10
DA:51,9
DA:53,1
DA:58,6
DA:59,6
DA:63,1
DA:64,1
DA:68,2
DA:69,2
DA:71,2
DA:72,1
DA:75,1
DA:79,4
DA:80,4
DA:81,4
DA:82,4
DA:86,1
DA:87,1
DA:88,1
DA:89,1
DA:91,1
DA:95,4
DA:96,4
DA:100,1
DA:104,1
DA:105,1
LF:43
LH:43
BRDA:13,0,0,2
BRDA:13,0,1,7
BRDA:19,1,0,1
BRDA:19,1,1,8
BRDA:30,2,0,1
BRDA:30,2,1,1
BRDA:38,3,0,1
BRDA:38,3,1,1
BRDA:38,4,0,2
BRDA:38,4,1,1
BRDA:51,5,0,6
BRDA:51,5,1,3
BRDA:71,6,0,1
BRDA:71,6,1,1
BRDA:86,7,0,1
BRDA:86,7,1,0
BRF:16
BRH:15
end_of_record
TN:
SF:src/State.ts
FN:11,(anonymous_0)
FN:47,(anonymous_1)
FN:51,(anonymous_2)
FN:57,(anonymous_3)
FN:64,(anonymous_4)
FN:68,(anonymous_5)
FN:77,(anonymous_6)
FN:82,(anonymous_7)
FN:86,(anonymous_8)
FN:96,(anonymous_9)
FN:103,(anonymous_10)
FN:112,(anonymous_11)
FN:117,(anonymous_12)
FN:121,(anonymous_13)
FNF:14
FNH:14
FNDA:10,(anonymous_0)
FNDA:2,(anonymous_1)
FNDA:1,(anonymous_2)
FNDA:2,(anonymous_3)
FNDA:1,(anonymous_4)
FNDA:19,(anonymous_5)
FNDA:15,(anonymous_6)
FNDA:1,(anonymous_7)
FNDA:2,(anonymous_8)
FNDA:4,(anonymous_9)
FNDA:1,(anonymous_10)
FNDA:4,(anonymous_11)
FNDA:1,(anonymous_12)
FNDA:1,(anonymous_13)
DA:7,10
DA:8,10
DA:12,10
DA:13,0
DA:14,10
DA:15,0
DA:16,10
DA:17,9
DA:18,9
DA:19,7
DA:21,2
DA:22,1
DA:24,2
DA:25,2
DA:30,10
DA:31,1
DA:34,9
DA:35,8
DA:38,9
DA:39,2
DA:42,9
DA:43,9
DA:44,9
DA:48,2
DA:52,1
DA:54,1
DA:58,2
DA:59,1
DA:61,2
DA:65,1
DA:69,19
DA:70,19
DA:71,17
DA:73,2
DA:78,15
DA:79,15
DA:83,1
DA:87,2
DA:89,2
DA:90,1
DA:93,1
DA:97,4
DA:98,4
DA:99,4
DA:100,4
DA:104,1
DA:105,1
DA:106,1
DA:107,1
DA:109,1
DA:113,4
DA:114,4
DA:118,1
DA:122,1
DA:123,1
LF:55
LH:53
BRDA:12,0,0,0
BRDA:12,0,1,10
BRDA:12,1,0,10
BRDA:12,1,1,0
BRDA:14,2,0,0
BRDA:14,2,1,10
BRDA:14,3,0,10
BRDA:14,3,1,9
BRDA:16,4,0,9
BRDA:16,4,1,1
BRDA:16,5,0,10
BRDA:16,5,1,9
BRDA:18,6,0,7
BRDA:18,6,1,2
BRDA:21,7,0,1
BRDA:21,7,1,1
BRDA:24,8,0,2
BRDA:24,8,1,0
BRDA:30,9,0,1
BRDA:30,9,1,9
BRDA:34,10,0,8
BRDA:34,10,1,1
BRDA:38,11,0,2
BRDA:38,11,1,7
BRDA:52,12,0,1
BRDA:52,12,1,0
BRDA:58,13,0,1
BRDA:58,13,1,1
BRDA:71,14,0,9
BRDA:71,14,1,8
BRDA:89,15,0,1
BRDA:89,15,1,1
BRDA:104,16,0,1
BRDA:104,16,1,0
BRF:34
BRH:28
end_of_record
